<?xml version="1.0" encoding="UTF-8"?>
<robot generator="Robot 7.0 (Python 3.12.4 on win32)" generated="2024-06-08T15:59:45.032420" rpa="false" schemaversion="5">
<suite id="s1" name="TC1" source="C:\Users\User\PycharmProjects\pythonProject1\TestCases\TC1.robot">
<test id="s1-t1" name="LoginTest" line="9">
<kw name="Open Browser" owner="SeleniumLibrary">
<msg time="2024-06-08T15:59:45.220203" level="INFO">Opening browser 'chrome' to base url 'https://www.demoblaze.com/'.</msg>
<arg>${url}</arg>
<arg>${browser}</arg>
<doc>Opens a new browser instance to the optional ``url``.</doc>
<status status="PASS" start="2024-06-08T15:59:45.220203" elapsed="4.395166"/>
</kw>
<kw name="Sleep" owner="BuiltIn">
<msg time="2024-06-08T15:59:51.615734" level="INFO">Slept 2 seconds.</msg>
<arg>2s</arg>
<doc>Pauses the test executed for the given time.</doc>
<status status="PASS" start="2024-06-08T15:59:49.615369" elapsed="2.000365"/>
</kw>
<kw name="Click Link" owner="SeleniumLibrary">
<msg time="2024-06-08T15:59:51.615734" level="INFO">Clicking link 'Xpath://a[@id='login2']'.</msg>
<arg>Xpath://a[@id='login2']</arg>
<doc>Clicks a link identified by ``locator``.</doc>
<status status="PASS" start="2024-06-08T15:59:51.615734" elapsed="0.153621"/>
</kw>
<kw name="Sleep" owner="BuiltIn">
<msg time="2024-06-08T15:59:53.771612" level="INFO">Slept 2 seconds.</msg>
<arg>2s</arg>
<doc>Pauses the test executed for the given time.</doc>
<status status="PASS" start="2024-06-08T15:59:51.770863" elapsed="2.001289"/>
</kw>
<kw name="Maximize Browser Window" owner="SeleniumLibrary">
<doc>Maximizes current browser window.</doc>
<status status="PASS" start="2024-06-08T15:59:53.773573" elapsed="0.064005"/>
</kw>
<kw name="Sleep" owner="BuiltIn">
<msg time="2024-06-08T15:59:55.841206" level="INFO">Slept 2 seconds.</msg>
<arg>2s</arg>
<doc>Pauses the test executed for the given time.</doc>
<status status="PASS" start="2024-06-08T15:59:53.840808" elapsed="2.000398"/>
</kw>
<kw name="Input Text" owner="SeleniumLibrary">
<msg time="2024-06-08T15:59:55.843325" level="INFO">Typing text 'vidhyasm0517@gmail.com' into text field 'id=loginusername'.</msg>
<arg>id=loginusername</arg>
<arg>vidhyasm0517@gmail.com</arg>
<doc>Types the given ``text`` into the text field identified by ``locator``.</doc>
<status status="PASS" start="2024-06-08T15:59:55.842451" elapsed="0.237690"/>
</kw>
<kw name="Sleep" owner="BuiltIn">
<msg time="2024-06-08T15:59:58.083217" level="INFO">Slept 2 seconds.</msg>
<arg>2s</arg>
<doc>Pauses the test executed for the given time.</doc>
<status status="PASS" start="2024-06-08T15:59:56.080141" elapsed="2.003076"/>
</kw>
<kw name="Input Text" owner="SeleniumLibrary">
<msg time="2024-06-08T15:59:58.083217" level="INFO">Typing text 'Vidhyasm1759' into text field 'id=loginpassword'.</msg>
<arg>id=loginpassword</arg>
<arg>Vidhyasm1759</arg>
<doc>Types the given ``text`` into the text field identified by ``locator``.</doc>
<status status="PASS" start="2024-06-08T15:59:58.083217" elapsed="0.199438"/>
</kw>
<kw name="Sleep" owner="BuiltIn">
<msg time="2024-06-08T16:00:00.292694" level="INFO">Slept 2 seconds.</msg>
<arg>2s</arg>
<doc>Pauses the test executed for the given time.</doc>
<status status="PASS" start="2024-06-08T15:59:58.290924" elapsed="2.001770"/>
</kw>
<kw name="Click Element" owner="SeleniumLibrary">
<msg time="2024-06-08T16:00:00.293860" level="INFO">Clicking element 'Xpath://button[contains(text(),'Log in')]'.</msg>
<arg>Xpath://button[contains(text(),'Log in')]</arg>
<doc>Click the element identified by ``locator``.</doc>
<status status="PASS" start="2024-06-08T16:00:00.293860" elapsed="0.098544"/>
</kw>
<kw name="Close Browser" owner="SeleniumLibrary">
<doc>Closes the current browser.</doc>
<status status="PASS" start="2024-06-08T16:00:00.392990" elapsed="2.215328"/>
</kw>
<status status="PASS" start="2024-06-08T15:59:45.220203" elapsed="17.388115"/>
</test>
<status status="PASS" start="2024-06-08T15:59:45.032420" elapsed="17.575898"/>
</suite>
<statistics>
<total>
<stat pass="1" fail="0" skip="0">All Tests</stat>
</total>
<tag>
</tag>
<suite>
<stat pass="1" fail="0" skip="0" id="s1" name="TC1">TC1</stat>
</suite>
</statistics>
<errors>
</errors>
</robot>
